  Payloads.cpp
D:\source\repos\Serenity\misc.h(5,1): warning C4005: '_CRT_SECURE_NO_WARNINGS': macro redefinition
D:\source\repos\Serenity\misc.h(5,1): message : '_CRT_SECURE_NO_WARNINGS' previously declared on the command line
D:\source\repos\Serenity\Payloads.cpp(97,20): warning C4018: '<': signed/unsigned mismatch
D:\source\repos\Serenity\Payloads.cpp(126,12): warning C4553: '==': result of expression not used; did you intend '='?
D:\source\repos\Serenity\Payloads.cpp(145,39): warning C4101: 'rx': unreferenced local variable
D:\source\repos\Serenity\Payloads.cpp(190,65): warning C4244: 'argument': conversion from 'double' to 'int', possible loss of data
D:\source\repos\Serenity\Payloads.cpp(190,38): warning C4244: 'argument': conversion from 'double' to 'int', possible loss of data
D:\source\repos\Serenity\Payloads.cpp(191,67): warning C4244: 'argument': conversion from 'double' to 'int', possible loss of data
D:\source\repos\Serenity\Payloads.cpp(191,40): warning C4244: 'argument': conversion from 'double' to 'int', possible loss of data
D:\source\repos\Serenity\Payloads.cpp(184,39): warning C4101: 'rx': unreferenced local variable
D:\source\repos\Serenity\Payloads.cpp(274,77): warning C4244: 'argument': conversion from 'double' to 'int', possible loss of data
D:\source\repos\Serenity\Payloads.cpp(274,50): warning C4244: 'argument': conversion from 'double' to 'int', possible loss of data
D:\source\repos\Serenity\Payloads.cpp(275,79): warning C4244: 'argument': conversion from 'double' to 'int', possible loss of data
D:\source\repos\Serenity\Payloads.cpp(275,52): warning C4244: 'argument': conversion from 'double' to 'int', possible loss of data
D:\source\repos\Serenity\Payloads.cpp(414,8): warning C4101: 'hWnd': unreferenced local variable
D:\source\repos\Serenity\Payloads.cpp(415,8): warning C4101: 'wRect': unreferenced local variable
D:\source\repos\Serenity\Payloads.cpp(392,8): warning C4101: 'rekt': unreferenced local variable
D:\source\repos\Serenity\Payloads.cpp(416,9): warning C4101: 'wPt': unreferenced local variable
D:\source\repos\Serenity\Payloads.cpp(413,7): warning C4101: 'hDsktp': unreferenced local variable
D:\source\repos\Serenity\Payloads.cpp(836,25): warning C4018: '<': signed/unsigned mismatch
D:\source\repos\Serenity\Payloads.cpp(1094,20): warning C4018: '<': signed/unsigned mismatch
D:\source\repos\Serenity\Payloads.cpp(1225,7): warning C4101: 'bl': unreferenced local variable
  main.cpp
  Generating code
  15 of 244 functions ( 6.1%) were compiled, the rest were copied from previous compilation.
    6 functions were new in current compilation
    1 functions had inline decision re-evaluated but remain unchanged
  Finished generating code
  Serenity.vcxproj -> D:\source\repos\Serenity\Release\Serenity.exe
